<mxfile userAgent="Mozilla/5.0 (X11; Fedora; Linux x86_64; rv:52.0) Gecko/20100101 Firefox/52.0" version="6.3.4" editor="www.draw.io" type="github"><diagram name="Page-1">dZHBEoIgEIafhrvCOOPdrC6dPHQmQWBC1kEcradPAzPG4sLut/+/yyyIFO10srSTF2BcI5ywCZEDwjhN02S+FvLwJMO5B8IqFkQbqNSTBxh8YlCM95HQAWinuhjWYAyvXcSotTDGsgZ0PLWjgu9AVVO9p1fFnPQ0z5KNn7kScp2cJqFyo/VdWBhMmIcwad7Hl1u69gr6XlIG4xciJSKFBXA+aqeC62W369q87/in+nm35cb9MMzB1ntOog8k5Qs=</diagram></mxfile>