<mxfile userAgent="Mozilla/5.0 (X11; Fedora; Linux x86_64; rv:52.0) Gecko/20100101 Firefox/52.0" version="6.3.4" editor="www.draw.io" type="github"><diagram name="Page-1">3ZpJc5swFMc/DdeOQIjl2GztoZnpTNppe1RABlqMGCFiu5++EgizyM540kQQcon0eNp++j8tYAteb/efGC7TexqT3HJAvLfgjeU4Ngo88U9aDq3FB2FrSFgWK6fe8JD9JcoIlLXOYlKNHDmlOc/KsTGiRUEiPrJhxuhu7Lah+bjVEidEMzxEONetP7KYp601QKC3fyZZknYt20A9ecTRn4TRulDtWQ7cNH/t4y3u6lL+VYpjuhuY4K0FrxmlvE1t99ckl2w7bG25uzNPj/1mpOCXFEBtgSec16TrcdMvfuhYkFigUVnKeEoTWuD8trdeNeMlskYgcinf5iJpi+RvwvlBzS6uORWmvoYvlJbKb0MLrtxsT+TbPsiGzw5LmSpas0h5qa5zzBKivNwjUiFVQreEs4NwYSTHPHsa146VZpKjX89NJBS60xgdDSNyZVdIxZt+l4RVGthdmnHyUOKm/zsRSGN4p6E8EcbJ/nks+oBVAahUp6LS7lS46zV+tKUDfXvg/xEFK1KaqyvNN6S0boVcK8fQEEdXw2h7QdOXx5wsIVYdNGOw2muK1lBXmW0qXLs61gpycGh5W5ChHq9oGK/ifChHtOcMi/Pg/OHrTsLXAQbDF+rnkferug7SUHbwDPxXlx3U94mVkYSmSHprJ4lM7Sn6EdAGXr/6CTzzr3/erOuffq11fTldWXxYAJtgwgYaZQM1NkiKpy4WQid051SOfl4TvMCWVNUS2EyVE5q8E/i6cJzhCWyDs1yuPUs/ikHXIDUdmrzBA1rLF0N0I9lEtCQLxIQMUjpxHb8TaqoZkRso5kvgY/tjPq5vEpC+o923a1Ibf5bj5aK5q0cmUolMBQIpWgA2Z0zNM7maO/qZ87va5s5hk0WWgG2qNrPc9FXr2/PU0DKoQXtOape8NCvij/L7lMhFOa6qLHqeCdln/KfIgA9I5X4pT0GEHQaPZFY+Ay+/1Jx4HeucudQMeKITODvbxXcf1cJXmhV8EASTDxYonExT231Vqp8pvaJgUpE7qagds1ZRM+XHYV+mAv1N1ftXwZnXpWZUcDzlqskL4AtVACc3Cz94MxV0XVyVCrw5VTAVwXTFvngpmIggsF9LBCLbf7hv3ftfR8Dbfw==</diagram></mxfile>